<?xml version="1.0" encoding="UTF-8"?>
<testng-results ignored="0" total="3" passed="2" failed="1" skipped="0">
  <reporter-output>
  </reporter-output>
  <suite started-at="2022-12-23T17:53:53 IST" name="Suite1" finished-at="2022-12-23T17:54:59 IST" duration-ms="65701">
    <groups>
    </groups>
    <test started-at="2022-12-23T17:53:53 IST" name="Test1" finished-at="2022-12-23T17:54:35 IST" duration-ms="41918">
      <class name="com.test.ui.cases.LoginNegativeTest">
        <test-method is-config="true" signature="setData()[pri:0, instance:com.test.ui.cases.LoginNegativeTest@533bda92]" started-at="2022-12-23T17:53:53 IST" name="setData" finished-at="2022-12-23T17:53:53 IST" duration-ms="31" status="PASS">
          <reporter-output>
          </reporter-output>
        </test-method> <!-- setData -->
        <test-method is-config="true" signature="beforeTest(java.lang.String,java.lang.String)[pri:0, instance:com.test.ui.cases.LoginNegativeTest@533bda92]" started-at="2022-12-23T17:53:56 IST" name="beforeTest" finished-at="2022-12-23T17:54:13 IST" duration-ms="16734" status="PASS">
          <params>
            <param index="0">
              <value>
                <![CDATA[http://gmail.com/]]>
              </value>
            </param>
            <param index="1">
              <value>
                <![CDATA[Chrome]]>
              </value>
            </param>
          </params>
          <reporter-output>
          </reporter-output>
        </test-method> <!-- beforeTest -->
        <test-method signature="runLoginTest(java.lang.String,java.lang.String)[pri:0, instance:com.test.ui.cases.LoginNegativeTest@533bda92]" started-at="2022-12-23T17:54:13 IST" name="runLoginTest" data-provider="testData" finished-at="2022-12-23T17:54:28 IST" duration-ms="14491" status="FAIL">
          <params>
            <param index="0">
              <value>
                <![CDATA[suryaprabhatest8@gmail.com]]>
              </value>
            </param>
            <param index="1">
              <value>
                <![CDATA[Prabha]]>
              </value>
            </param>
          </params>
          <exception class="org.openqa.selenium.NoSuchElementException">
            <message>
              <![CDATA[no such element: Unable to locate element: {"method":"xpath","selector":"//div[@class='gb_b gb_ld gb_qg gb_l gb_Ff']"}
  (Session info: chrome=108.0.5359.125)
For documentation on this error, please visit: https://selenium.dev/exceptions/#no_such_element
Build info: version: '4.3.0', revision: 'a4995e2c09*'
System info: host: 'ESAKKI_MUTHU', ip: '192.168.43.9', os.name: 'Windows 10', os.arch: 'amd64', os.version: '10.0', java.version: '16.0.1'
Driver info: org.openqa.selenium.chrome.ChromeDriver
Command: [3948fadade28e7d48488445f1220992d, findElement {using=xpath, value=//div[@class='gb_b gb_ld gb_qg gb_l gb_Ff']}]
Capabilities {acceptInsecureCerts: false, browserName: chrome, browserVersion: 108.0.5359.125, chrome: {chromedriverVersion: 108.0.5359.71 (1e0e3868ee06..., userDataDir: C:\Users\ezaki\AppData\Loca...}, goog:chromeOptions: {debuggerAddress: localhost:49763}, networkConnectionEnabled: false, pageLoadStrategy: normal, platformName: WINDOWS, proxy: Proxy(), se:cdp: ws://localhost:49763/devtoo..., se:cdpVersion: 108.0.5359.125, setWindowRect: true, strictFileInteractability: false, timeouts: {implicit: 0, pageLoad: 300000, script: 30000}, unhandledPromptBehavior: dismiss and notify, webauthn:extension:credBlob: true, webauthn:extension:largeBlob: true, webauthn:virtualAuthenticators: true}
Session ID: 3948fadade28e7d48488445f1220992d]]>
            </message>
            <full-stacktrace>
              <![CDATA[org.openqa.selenium.NoSuchElementException: no such element: Unable to locate element: {"method":"xpath","selector":"//div[@class='gb_b gb_ld gb_qg gb_l gb_Ff']"}
  (Session info: chrome=108.0.5359.125)
For documentation on this error, please visit: https://selenium.dev/exceptions/#no_such_element
Build info: version: '4.3.0', revision: 'a4995e2c09*'
System info: host: 'ESAKKI_MUTHU', ip: '192.168.43.9', os.name: 'Windows 10', os.arch: 'amd64', os.version: '10.0', java.version: '16.0.1'
Driver info: org.openqa.selenium.chrome.ChromeDriver
Command: [3948fadade28e7d48488445f1220992d, findElement {using=xpath, value=//div[@class='gb_b gb_ld gb_qg gb_l gb_Ff']}]
Capabilities {acceptInsecureCerts: false, browserName: chrome, browserVersion: 108.0.5359.125, chrome: {chromedriverVersion: 108.0.5359.71 (1e0e3868ee06..., userDataDir: C:\Users\ezaki\AppData\Loca...}, goog:chromeOptions: {debuggerAddress: localhost:49763}, networkConnectionEnabled: false, pageLoadStrategy: normal, platformName: WINDOWS, proxy: Proxy(), se:cdp: ws://localhost:49763/devtoo..., se:cdpVersion: 108.0.5359.125, setWindowRect: true, strictFileInteractability: false, timeouts: {implicit: 0, pageLoad: 300000, script: 30000}, unhandledPromptBehavior: dismiss and notify, webauthn:extension:credBlob: true, webauthn:extension:largeBlob: true, webauthn:virtualAuthenticators: true}
Session ID: 3948fadade28e7d48488445f1220992d
at java.base/jdk.internal.reflect.NativeConstructorAccessorImpl.newInstance0(Native Method)
at java.base/jdk.internal.reflect.NativeConstructorAccessorImpl.newInstance(NativeConstructorAccessorImpl.java:78)
at java.base/jdk.internal.reflect.DelegatingConstructorAccessorImpl.newInstance(DelegatingConstructorAccessorImpl.java:45)
at java.base/java.lang.reflect.Constructor.newInstanceWithCaller(Constructor.java:499)
at java.base/java.lang.reflect.Constructor.newInstance(Constructor.java:480)
at org.openqa.selenium.remote.codec.w3c.W3CHttpResponseCodec.createException(W3CHttpResponseCodec.java:200)
at org.openqa.selenium.remote.codec.w3c.W3CHttpResponseCodec.decode(W3CHttpResponseCodec.java:133)
at org.openqa.selenium.remote.codec.w3c.W3CHttpResponseCodec.decode(W3CHttpResponseCodec.java:53)
at org.openqa.selenium.remote.HttpCommandExecutor.execute(HttpCommandExecutor.java:184)
at org.openqa.selenium.remote.service.DriverCommandExecutor.invokeExecute(DriverCommandExecutor.java:167)
at org.openqa.selenium.remote.service.DriverCommandExecutor.execute(DriverCommandExecutor.java:142)
at org.openqa.selenium.remote.RemoteWebDriver.execute(RemoteWebDriver.java:569)
at org.openqa.selenium.remote.ElementLocation$ElementFinder$2.findElement(ElementLocation.java:162)
at org.openqa.selenium.remote.ElementLocation.findElement(ElementLocation.java:60)
at org.openqa.selenium.remote.RemoteWebDriver.findElement(RemoteWebDriver.java:387)
at org.openqa.selenium.remote.RemoteWebDriver.findElement(RemoteWebDriver.java:379)
at com.test.ui.pages.SuccessPage.verifyUserProfileIcon(SuccessPage.java:18)
at com.test.ui.cases.LoginNegativeTest.runLoginTest(LoginNegativeTest.java:23)
at java.base/jdk.internal.reflect.NativeMethodAccessorImpl.invoke0(Native Method)
at java.base/jdk.internal.reflect.NativeMethodAccessorImpl.invoke(NativeMethodAccessorImpl.java:78)
at java.base/jdk.internal.reflect.DelegatingMethodAccessorImpl.invoke(DelegatingMethodAccessorImpl.java:43)
at java.base/java.lang.reflect.Method.invoke(Method.java:567)
at org.testng.internal.invokers.MethodInvocationHelper.invokeMethod(MethodInvocationHelper.java:139)
at org.testng.internal.invokers.TestInvoker.invokeMethod(TestInvoker.java:677)
at org.testng.internal.invokers.TestInvoker.invokeTestMethod(TestInvoker.java:221)
at org.testng.internal.invokers.MethodRunner.runInSequence(MethodRunner.java:50)
at org.testng.internal.invokers.TestInvoker$MethodInvocationAgent.invoke(TestInvoker.java:962)
at org.testng.internal.invokers.TestInvoker.invokeTestMethods(TestInvoker.java:194)
at org.testng.internal.invokers.TestMethodWorker.invokeTestMethods(TestMethodWorker.java:148)
at org.testng.internal.invokers.TestMethodWorker.run(TestMethodWorker.java:128)
at java.base/java.util.concurrent.ThreadPoolExecutor.runWorker(ThreadPoolExecutor.java:1130)
at java.base/java.util.concurrent.ThreadPoolExecutor$Worker.run(ThreadPoolExecutor.java:630)
at java.base/java.lang.Thread.run(Thread.java:831)
]]>
            </full-stacktrace>
          </exception> <!-- org.openqa.selenium.NoSuchElementException -->
          <reporter-output>
          </reporter-output>
        </test-method> <!-- runLoginTest -->
        <test-method is-config="true" signature="afterTest()[pri:0, instance:com.test.ui.cases.LoginNegativeTest@533bda92]" started-at="2022-12-23T17:54:28 IST" name="afterTest" finished-at="2022-12-23T17:54:31 IST" duration-ms="3007" status="PASS">
          <reporter-output>
          </reporter-output>
        </test-method> <!-- afterTest -->
      </class> <!-- com.test.ui.cases.LoginNegativeTest -->
      <class name="com.test.ui.cases.LoginTest">
        <test-method is-config="true" signature="setData()[pri:0, instance:com.test.ui.cases.LoginTest@35841320]" started-at="2022-12-23T17:53:53 IST" name="setData" finished-at="2022-12-23T17:53:53 IST" duration-ms="1" status="PASS">
          <reporter-output>
          </reporter-output>
        </test-method> <!-- setData -->
        <test-method is-config="true" signature="beforeTest(java.lang.String,java.lang.String)[pri:0, instance:com.test.ui.cases.LoginTest@35841320]" started-at="2022-12-23T17:53:56 IST" name="beforeTest" finished-at="2022-12-23T17:54:14 IST" duration-ms="17492" status="PASS">
          <params>
            <param index="0">
              <value>
                <![CDATA[http://gmail.com/]]>
              </value>
            </param>
            <param index="1">
              <value>
                <![CDATA[Chrome]]>
              </value>
            </param>
          </params>
          <reporter-output>
          </reporter-output>
        </test-method> <!-- beforeTest -->
        <test-method signature="runLoginTest(java.lang.String,java.lang.String)[pri:0, instance:com.test.ui.cases.LoginTest@35841320]" started-at="2022-12-23T17:54:14 IST" name="runLoginTest" data-provider="testData" finished-at="2022-12-23T17:54:34 IST" duration-ms="20222" status="PASS">
          <params>
            <param index="0">
              <value>
                <![CDATA[suryaprabhatest8@gmail.com]]>
              </value>
            </param>
            <param index="1">
              <value>
                <![CDATA[Prabha@123]]>
              </value>
            </param>
          </params>
          <reporter-output>
          </reporter-output>
        </test-method> <!-- runLoginTest -->
        <test-method is-config="true" signature="afterTest()[pri:0, instance:com.test.ui.cases.LoginTest@35841320]" started-at="2022-12-23T17:54:34 IST" name="afterTest" finished-at="2022-12-23T17:54:35 IST" duration-ms="807" status="PASS">
          <reporter-output>
          </reporter-output>
        </test-method> <!-- afterTest -->
      </class> <!-- com.test.ui.cases.LoginTest -->
    </test> <!-- Test1 -->
    <test started-at="2022-12-23T17:54:35 IST" name="Test2" finished-at="2022-12-23T17:54:59 IST" duration-ms="23737">
      <class name="com.test.ui.cases.EpayTest">
        <test-method is-config="true" signature="setData()[pri:0, instance:com.test.ui.cases.EpayTest@68c9d179]" started-at="2022-12-23T17:54:35 IST" name="setData" finished-at="2022-12-23T17:54:35 IST" duration-ms="1" status="PASS">
          <reporter-output>
          </reporter-output>
        </test-method> <!-- setData -->
        <test-method is-config="true" signature="beforeTest(java.lang.String,java.lang.String)[pri:0, instance:com.test.ui.cases.EpayTest@68c9d179]" started-at="2022-12-23T17:54:35 IST" name="beforeTest" finished-at="2022-12-23T17:54:42 IST" duration-ms="6937" status="PASS">
          <params>
            <param index="0">
              <value>
                <![CDATA[https://www.ebay.com/]]>
              </value>
            </param>
            <param index="1">
              <value>
                <![CDATA[Chrome]]>
              </value>
            </param>
          </params>
          <reporter-output>
          </reporter-output>
        </test-method> <!-- beforeTest -->
        <test-method signature="runLoginTest(java.lang.String)[pri:0, instance:com.test.ui.cases.EpayTest@68c9d179]" started-at="2022-12-23T17:54:42 IST" name="runLoginTest" data-provider="testData" finished-at="2022-12-23T17:54:58 IST" duration-ms="16047" status="PASS">
          <params>
            <param index="0">
              <value>
                <![CDATA[Electric Guitar]]>
              </value>
            </param>
          </params>
          <reporter-output>
          </reporter-output>
        </test-method> <!-- runLoginTest -->
        <test-method is-config="true" signature="afterTest()[pri:0, instance:com.test.ui.cases.EpayTest@68c9d179]" started-at="2022-12-23T17:54:58 IST" name="afterTest" finished-at="2022-12-23T17:54:59 IST" duration-ms="317" status="PASS">
          <reporter-output>
          </reporter-output>
        </test-method> <!-- afterTest -->
      </class> <!-- com.test.ui.cases.EpayTest -->
    </test> <!-- Test2 -->
  </suite> <!-- Suite1 -->
</testng-results>
